<?xml version="1.0" encoding="UTF-8"?>
<!-- Generated by org.testng.reporters.JUnitXMLReporter -->
<testsuite ignored="0" hostname="ATMECSINLT-1290" failures="0" tests="3" name="Default test" time="42.712" errors="0" timestamp="2025-04-24T13:38:57 IST">
  <testcase classname="Browsertest.Browsertest.App" name="takeTest" time="7.477"/>
  <testcase classname="Browsertest.Browsertest.App" name="clickCheckboxes" time="26.472"/>
  <testcase classname="Browsertest.Browsertest.App" name="enterdetails" time="4.266"/>
</testsuite> <!-- Default test -->
